<?xml version="1.0" encoding="UTF-8"?>
<coverage generated="1670950138444" clover="3.2.0">
  <project timestamp="1670950138444" name="All files">
    <metrics statements="25" coveredstatements="24" conditionals="14" coveredconditionals="14" methods="7" coveredmethods="6" elements="46" coveredelements="44" complexity="0" loc="25" ncloc="25" packages="2" files="2" classes="2"/>
    <package name="backend-project-46">
      <metrics statements="21" coveredstatements="21" conditionals="14" coveredconditionals="14" methods="4" coveredmethods="4"/>
      <file name="index.js" path="/root/backend-project-46/index.js">
        <metrics statements="21" coveredstatements="21" conditionals="14" coveredconditionals="14" methods="4" coveredmethods="4"/>
        <line num="6" count="1" type="stmt"/>
        <line num="7" count="20" type="stmt"/>
        <line num="8" count="2" type="stmt"/>
        <line num="11" count="1" type="stmt"/>
        <line num="12" count="2" type="stmt"/>
        <line num="13" count="2" type="stmt"/>
        <line num="14" count="2" type="stmt"/>
        <line num="15" count="2" type="stmt"/>
        <line num="16" count="2" type="stmt"/>
        <line num="17" count="2" type="stmt"/>
        <line num="18" count="10" type="cond" truecount="4" falsecount="0"/>
        <line num="19" count="4" type="cond" truecount="2" falsecount="0"/>
        <line num="20" count="2" type="stmt"/>
        <line num="22" count="2" type="stmt"/>
        <line num="23" count="2" type="stmt"/>
        <line num="26" count="10" type="cond" truecount="4" falsecount="0"/>
        <line num="27" count="4" type="stmt"/>
        <line num="29" count="10" type="cond" truecount="4" falsecount="0"/>
        <line num="30" count="2" type="stmt"/>
        <line num="32" count="10" type="stmt"/>
        <line num="34" count="2" type="stmt"/>
      </file>
    </package>
    <package name="backend-project-46.__fixtures__">
      <metrics statements="4" coveredstatements="3" conditionals="0" coveredconditionals="0" methods="3" coveredmethods="2"/>
      <file name="parsers.js" path="/root/backend-project-46/__fixtures__/parsers.js">
        <metrics statements="4" coveredstatements="3" conditionals="0" coveredconditionals="0" methods="3" coveredmethods="2"/>
        <line num="3" count="1" type="stmt"/>
        <line num="4" count="2" type="stmt"/>
        <line num="5" count="2" type="stmt"/>
        <line num="6" count="0" type="stmt"/>
      </file>
    </package>
  </project>
</coverage>
