<?xml version="1.0" encoding="UTF-8"?>
<coverage generated="1675678552746" clover="3.2.0">
  <project timestamp="1675678552746" name="All files">
    <metrics statements="101" coveredstatements="95" conditionals="65" coveredconditionals="60" methods="17" coveredmethods="16" elements="183" coveredelements="171" complexity="0" loc="101" ncloc="101" packages="2" files="3" classes="3"/>
    <package name="backend-project-46">
      <metrics statements="8" coveredstatements="8" conditionals="1" coveredconditionals="1" methods="1" coveredmethods="1"/>
      <file name="index.js" path="/root/backend-project-46/index.js">
        <metrics statements="8" coveredstatements="8" conditionals="1" coveredconditionals="1" methods="1" coveredmethods="1"/>
        <line num="6" count="1" type="cond" truecount="1" falsecount="0"/>
        <line num="7" count="4" type="stmt"/>
        <line num="8" count="4" type="stmt"/>
        <line num="9" count="4" type="stmt"/>
        <line num="10" count="4" type="stmt"/>
        <line num="11" count="4" type="stmt"/>
        <line num="12" count="4" type="stmt"/>
        <line num="13" count="4" type="stmt"/>
      </file>
    </package>
    <package name="backend-project-46.__fixtures__">
      <metrics statements="93" coveredstatements="87" conditionals="64" coveredconditionals="59" methods="16" coveredmethods="15"/>
      <file name="fixtures.js" path="/root/backend-project-46/__fixtures__/fixtures.js">
        <metrics statements="89" coveredstatements="84" conditionals="64" coveredconditionals="59" methods="13" coveredmethods="13"/>
        <line num="3" count="124" type="cond" truecount="2" falsecount="1"/>
        <line num="10" count="1" type="stmt"/>
        <line num="11" count="28" type="stmt"/>
        <line num="12" count="28" type="stmt"/>
        <line num="13" count="36" type="cond" truecount="2" falsecount="0"/>
        <line num="14" count="24" type="stmt"/>
        <line num="16" count="12" type="stmt"/>
        <line num="18" count="28" type="stmt"/>
        <line num="21" count="1" type="stmt"/>
        <line num="22" count="62" type="cond" truecount="5" falsecount="0"/>
        <line num="24" count="10" type="stmt"/>
        <line num="26" count="8" type="stmt"/>
        <line num="28" count="4" type="stmt"/>
        <line num="30" count="8" type="stmt"/>
        <line num="32" count="32" type="stmt"/>
        <line num="36" count="1" type="stmt"/>
        <line num="38" count="1" type="stmt"/>
        <line num="39" count="20" type="stmt"/>
        <line num="40" count="20" type="stmt"/>
        <line num="41" count="72" type="cond" truecount="4" falsecount="0"/>
        <line num="42" count="44" type="cond" truecount="4" falsecount="0"/>
        <line num="43" count="16" type="stmt"/>
        <line num="44" count="16" type="stmt"/>
        <line num="45" count="16" type="stmt"/>
        <line num="48" count="28" type="cond" truecount="4" falsecount="0"/>
        <line num="49" count="4" type="stmt"/>
        <line num="50" count="4" type="stmt"/>
        <line num="51" count="4" type="stmt"/>
        <line num="53" count="24" type="cond" truecount="3" falsecount="1"/>
        <line num="54" count="0" type="stmt"/>
        <line num="55" count="0" type="stmt"/>
        <line num="56" count="0" type="stmt"/>
        <line num="58" count="24" type="cond" truecount="2" falsecount="0"/>
        <line num="59" count="12" type="stmt"/>
        <line num="60" count="12" type="stmt"/>
        <line num="62" count="12" type="cond" truecount="1" falsecount="1"/>
        <line num="63" count="12" type="stmt"/>
        <line num="64" count="12" type="stmt"/>
        <line num="65" count="12" type="stmt"/>
        <line num="68" count="28" type="cond" truecount="4" falsecount="0"/>
        <line num="69" count="8" type="cond" truecount="2" falsecount="0"/>
        <line num="70" count="4" type="stmt"/>
        <line num="71" count="4" type="stmt"/>
        <line num="73" count="4" type="stmt"/>
        <line num="74" count="4" type="stmt"/>
        <line num="76" count="20" type="cond" truecount="3" falsecount="1"/>
        <line num="77" count="20" type="cond" truecount="2" falsecount="0"/>
        <line num="78" count="8" type="stmt"/>
        <line num="79" count="8" type="stmt"/>
        <line num="81" count="12" type="stmt"/>
        <line num="82" count="12" type="stmt"/>
        <line num="84" count="0" type="stmt"/>
        <line num="86" count="20" type="stmt"/>
        <line num="89" count="1" type="stmt"/>
        <line num="91" count="2" type="stmt"/>
        <line num="92" count="2" type="stmt"/>
        <line num="94" count="2" type="stmt"/>
        <line num="95" count="24" type="stmt"/>
        <line num="96" count="24" type="stmt"/>
        <line num="97" count="24" type="stmt"/>
        <line num="98" count="24" type="stmt"/>
        <line num="99" count="62" type="stmt"/>
        <line num="100" count="62" type="cond" truecount="2" falsecount="0"/>
        <line num="101" count="54" type="cond" truecount="2" falsecount="0"/>
        <line num="102" count="14" type="stmt"/>
        <line num="104" count="40" type="stmt"/>
        <line num="106" count="8" type="stmt"/>
        <line num="108" count="24" type="stmt"/>
        <line num="114" count="2" type="stmt"/>
        <line num="118" count="2" type="cond" truecount="3" falsecount="0"/>
        <line num="119" count="46" type="cond" truecount="2" falsecount="0"/>
        <line num="120" count="36" type="cond" truecount="2" falsecount="0"/>
        <line num="121" count="36" type="cond" truecount="4" falsecount="0"/>
        <line num="123" count="36" type="stmt"/>
        <line num="124" count="36" type="cond" truecount="5" falsecount="0"/>
        <line num="126" count="10" type="stmt"/>
        <line num="129" count="4" type="stmt"/>
        <line num="132" count="8" type="stmt"/>
        <line num="133" count="8" type="stmt"/>
        <line num="136" count="8" type="stmt"/>
        <line num="138" count="6" type="stmt"/>
        <line num="142" count="18" type="stmt"/>
        <line num="143" count="44" type="stmt"/>
        <line num="144" count="44" type="stmt"/>
        <line num="147" count="2" type="stmt"/>
        <line num="151" count="1" type="stmt"/>
        <line num="152" count="4" type="cond" truecount="1" falsecount="1"/>
        <line num="153" count="0" type="stmt"/>
        <line num="155" count="4" type="stmt"/>
      </file>
      <file name="parsers.js" path="/root/backend-project-46/__fixtures__/parsers.js">
        <metrics statements="4" coveredstatements="3" conditionals="0" coveredconditionals="0" methods="3" coveredmethods="2"/>
        <line num="3" count="1" type="stmt"/>
        <line num="4" count="6" type="stmt"/>
        <line num="5" count="2" type="stmt"/>
        <line num="6" count="0" type="stmt"/>
      </file>
    </package>
  </project>
</coverage>
