TN:
SF:index.js
FN:6,(anonymous_0)
FN:7,(anonymous_1)
FN:11,(anonymous_2)
FN:17,(anonymous_3)
FNF:4
FNH:4
FNDA:2,(anonymous_0)
FNDA:20,(anonymous_1)
FNDA:2,(anonymous_2)
FNDA:10,(anonymous_3)
DA:6,1
DA:7,20
DA:8,2
DA:11,1
DA:12,2
DA:13,2
DA:14,2
DA:15,2
DA:16,2
DA:17,2
DA:18,10
DA:19,4
DA:20,2
DA:22,2
DA:23,2
DA:26,10
DA:27,4
DA:29,10
DA:30,2
DA:32,10
DA:34,2
LF:21
LH:21
BRDA:18,0,0,4
BRDA:18,0,1,6
BRDA:18,1,0,10
BRDA:18,1,1,8
BRDA:19,2,0,2
BRDA:19,2,1,2
BRDA:26,3,0,4
BRDA:26,3,1,6
BRDA:26,4,0,10
BRDA:26,4,1,8
BRDA:29,5,0,2
BRDA:29,5,1,8
BRDA:29,6,0,10
BRDA:29,6,1,2
BRF:14
BRH:14
end_of_record
TN:
SF:__fixtures__/parsers.js
FN:4,(anonymous_0)
FN:5,(anonymous_1)
FN:6,(anonymous_2)
FNF:3
FNH:2
FNDA:2,(anonymous_0)
FNDA:2,(anonymous_1)
FNDA:0,(anonymous_2)
DA:3,1
DA:4,2
DA:5,2
DA:6,0
LF:4
LH:3
BRF:0
BRH:0
end_of_record
