TN:
SF:index.js
FN:5,(anonymous_0)
FN:6,(anonymous_1)
FN:10,(anonymous_2)
FN:14,(anonymous_3)
FNF:4
FNH:4
FNDA:1,(anonymous_0)
FNDA:10,(anonymous_1)
FNDA:1,(anonymous_2)
FNDA:5,(anonymous_3)
DA:5,1
DA:6,10
DA:7,1
DA:10,1
DA:11,1
DA:12,1
DA:13,1
DA:14,1
DA:15,5
DA:16,2
DA:17,1
DA:19,1
DA:20,1
DA:23,5
DA:24,2
DA:26,5
DA:27,1
DA:29,5
DA:31,1
LF:19
LH:19
BRDA:15,0,0,2
BRDA:15,0,1,3
BRDA:15,1,0,5
BRDA:15,1,1,4
BRDA:16,2,0,1
BRDA:16,2,1,1
BRDA:23,3,0,2
BRDA:23,3,1,3
BRDA:23,4,0,5
BRDA:23,4,1,4
BRDA:26,5,0,1
BRDA:26,5,1,4
BRDA:26,6,0,5
BRDA:26,6,1,1
BRF:14
BRH:14
end_of_record
